

Started GET "/" for ::1 at 2015-09-03 12:31:58 -0700
Processing by Rails::WelcomeController#index as HTML
  Rendered /Users/alejosanudo/.rvm/gems/ruby-2.2.1/gems/railties-4.2.4/lib/rails/templates/rails/welcome/index.html.erb (1.5ms)
Completed 200 OK in 15ms (Views: 7.9ms | ActiveRecord: 0.0ms)


Started GET "/" for ::1 at 2015-09-03 12:31:59 -0700
Processing by Rails::WelcomeController#index as HTML
  Rendered /Users/alejosanudo/.rvm/gems/ruby-2.2.1/gems/railties-4.2.4/lib/rails/templates/rails/welcome/index.html.erb (0.0ms)
Completed 200 OK in 2ms (Views: 1.6ms | ActiveRecord: 0.0ms)
  [1m[36m (0.7ms)[0m  [1mCREATE TABLE "schema_migrations" ("version" varchar NOT NULL) [0m
  [1m[35m (0.0ms)[0m  select sqlite_version(*)
  [1m[36m (0.6ms)[0m  [1mCREATE UNIQUE INDEX "unique_schema_migrations" ON "schema_migrations" ("version")[0m
  [1m[35mActiveRecord::SchemaMigration Load (0.1ms)[0m  SELECT "schema_migrations".* FROM "schema_migrations"
Migrating to CreateUsers (20150903194957)
  [1m[36m (0.1ms)[0m  [1mbegin transaction[0m
  [1m[35m (0.4ms)[0m  CREATE TABLE "users" ("id" INTEGER PRIMARY KEY AUTOINCREMENT NOT NULL, "username" varchar, "email" varchar, "created_at" datetime NOT NULL, "updated_at" datetime NOT NULL) 
  [1m[36mSQL (0.1ms)[0m  [1mINSERT INTO "schema_migrations" ("version") VALUES (?)[0m  [["version", "20150903194957"]]
  [1m[35m (0.5ms)[0m  commit transaction
Migrating to CreateEvents (20150903195319)
  [1m[36m (0.0ms)[0m  [1mbegin transaction[0m
  [1m[35m (0.3ms)[0m  CREATE TABLE "events" ("id" INTEGER PRIMARY KEY AUTOINCREMENT NOT NULL, "title" varchar, "city" varchar, "country" varchar, "address" varchar, "postal_code" varchar, "time" datetime, "description" text, "picture" varchar, "lat" float, "long" float, "category" varchar, "created_at" datetime NOT NULL, "updated_at" datetime NOT NULL) 
  [1m[36mSQL (0.1ms)[0m  [1mINSERT INTO "schema_migrations" ("version") VALUES (?)[0m  [["version", "20150903195319"]]
  [1m[35m (0.7ms)[0m  commit transaction
Migrating to CreateInvitations (20150903200101)
  [1m[36m (0.1ms)[0m  [1mbegin transaction[0m
  [1m[35m (0.0ms)[0m  rollback transaction
  [1m[36mActiveRecord::SchemaMigration Load (0.1ms)[0m  [1mSELECT "schema_migrations".* FROM "schema_migrations"[0m
Migrating to CreateInvitations (20150903200101)
  [1m[35m (0.0ms)[0m  begin transaction
  [1m[36m (0.3ms)[0m  [1mCREATE TABLE "invitations" ("id" INTEGER PRIMARY KEY AUTOINCREMENT NOT NULL, "user_id" integer, "homiie_id" integer, "event_id" integer, "attending" boolean, "created_at" datetime NOT NULL, "updated_at" datetime NOT NULL) [0m
  [1m[35mSQL (0.1ms)[0m  INSERT INTO "schema_migrations" ("version") VALUES (?)  [["version", "20150903200101"]]
  [1m[36m (2.6ms)[0m  [1mcommit transaction[0m
  [1m[35mActiveRecord::SchemaMigration Load (0.1ms)[0m  SELECT "schema_migrations".* FROM "schema_migrations"
  [1m[36mActiveRecord::SchemaMigration Load (0.1ms)[0m  [1mSELECT "schema_migrations".* FROM "schema_migrations"[0m
Migrating to AddHomiies (20150903210833)
  [1m[35m (0.1ms)[0m  begin transaction
  [1m[36m (0.0ms)[0m  [1mrollback transaction[0m
  [1m[36mActiveRecord::SchemaMigration Load (0.1ms)[0m  [1mSELECT "schema_migrations".* FROM "schema_migrations"[0m
Migrating to AddHomiies (20150903210833)
  [1m[35m (0.0ms)[0m  begin transaction
  [1m[36m (0.3ms)[0m  [1mCREATE TABLE "homiies" ("id" INTEGER PRIMARY KEY AUTOINCREMENT NOT NULL, "user_id" integer) [0m
  [1m[35mSQL (0.2ms)[0m  INSERT INTO "schema_migrations" ("version") VALUES (?)  [["version", "20150903210833"]]
  [1m[36m (0.5ms)[0m  [1mcommit transaction[0m
  [1m[35mActiveRecord::SchemaMigration Load (0.1ms)[0m  SELECT "schema_migrations".* FROM "schema_migrations"
  [1m[36mActiveRecord::SchemaMigration Load (0.1ms)[0m  [1mSELECT "schema_migrations".* FROM "schema_migrations"[0m
Migrating to AddUserToEvents (20150903212203)
  [1m[36mActiveRecord::SchemaMigration Load (0.1ms)[0m  [1mSELECT "schema_migrations".* FROM "schema_migrations"[0m
Migrating to AddUserToEvents (20150903212203)
  [1m[35m (0.0ms)[0m  begin transaction
  [1m[36m (0.3ms)[0m  [1mCREATE TABLE "events" ("id" INTEGER PRIMARY KEY AUTOINCREMENT NOT NULL, "user_id" integer) [0m
SQLite3::SQLException: table "events" already exists: CREATE TABLE "events" ("id" INTEGER PRIMARY KEY AUTOINCREMENT NOT NULL, "user_id" integer) 
  [1m[35m (0.0ms)[0m  rollback transaction
  [1m[36mActiveRecord::SchemaMigration Load (0.1ms)[0m  [1mSELECT "schema_migrations".* FROM "schema_migrations"[0m
Migrating to AddUserToEvents (20150903212203)
  [1m[35m (0.1ms)[0m  begin transaction
  [1m[36m (0.3ms)[0m  [1mCREATE TABLE "events" ("id" INTEGER PRIMARY KEY AUTOINCREMENT NOT NULL, "user_id" integer) [0m
SQLite3::SQLException: table "events" already exists: CREATE TABLE "events" ("id" INTEGER PRIMARY KEY AUTOINCREMENT NOT NULL, "user_id" integer) 
  [1m[35m (0.0ms)[0m  rollback transaction
  [1m[36mActiveRecord::SchemaMigration Load (0.1ms)[0m  [1mSELECT "schema_migrations".* FROM "schema_migrations"[0m
Migrating to AddUserToEvents (20150903212203)
  [1m[36mActiveRecord::SchemaMigration Load (0.1ms)[0m  [1mSELECT "schema_migrations".* FROM "schema_migrations"[0m
Migrating to AddUserToEvents (20150903212203)
  [1m[35m (0.0ms)[0m  begin transaction
  [1m[36m (0.4ms)[0m  [1mALTER TABLE "events" ADD "user_id" integer[0m
  [1m[35mSQL (0.1ms)[0m  INSERT INTO "schema_migrations" ("version") VALUES (?)  [["version", "20150903212203"]]
  [1m[36m (2.5ms)[0m  [1mcommit transaction[0m
  [1m[35mActiveRecord::SchemaMigration Load (0.1ms)[0m  SELECT "schema_migrations".* FROM "schema_migrations"
  [1m[36mActiveRecord::SchemaMigration Load (0.1ms)[0m  [1mSELECT "schema_migrations".* FROM "schema_migrations"[0m
  [1m[36mActiveRecord::SchemaMigration Load (0.1ms)[0m  [1mSELECT "schema_migrations".* FROM "schema_migrations"[0m
  [1m[35m (0.0ms)[0m  begin transaction
  [1m[36mSQL (0.4ms)[0m  [1mINSERT INTO "users" ("username", "email", "created_at", "updated_at") VALUES (?, ?, ?, ?)[0m  [["username", "Homiie"], ["email", "homiiesapp@gmail.com"], ["created_at", "2015-09-03 21:29:48.172135"], ["updated_at", "2015-09-03 21:29:48.172135"]]
  [1m[35m (0.5ms)[0m  commit transaction
  [1m[36m (0.0ms)[0m  [1mbegin transaction[0m
  [1m[35mSQL (0.1ms)[0m  INSERT INTO "users" ("username", "email", "created_at", "updated_at") VALUES (?, ?, ?, ?)  [["username", "Tim"], ["email", "Torbas@homiies.com"], ["created_at", "2015-09-03 21:29:48.175387"], ["updated_at", "2015-09-03 21:29:48.175387"]]
  [1m[36m (0.4ms)[0m  [1mcommit transaction[0m
  [1m[35m (0.0ms)[0m  begin transaction
  [1m[36mSQL (0.5ms)[0m  [1mINSERT INTO "events" ("title", "city", "country", "address", "postal_code", "time", "description", "picture", "lat", "long", "category", "user_id", "created_at", "updated_at") VALUES (?, ?, ?, ?, ?, ?, ?, ?, ?, ?, ?, ?, ?, ?)[0m  [["title", "Fiesta"], ["city", "Vancouver"], ["country", "Canada"], ["address", "233 Robson St."], ["postal_code", "V16T4B"], ["time", "2015-09-03 21:29:48.179832"], ["description", "Party at Alex's!"], ["picture", "0000010f0003930qls00eitj01abc02"], ["lat", 123.45], ["long", 543.21], ["category", "dancing"], ["user_id", 1], ["created_at", "2015-09-03 21:29:48.187062"], ["updated_at", "2015-09-03 21:29:48.187062"]]
  [1m[35m (0.5ms)[0m  commit transaction
  [1m[36m (0.0ms)[0m  [1mbegin transaction[0m
  [1m[35mSQL (0.3ms)[0m  INSERT INTO "invitations" ("user_id", "homiie_id", "event_id", "attending", "created_at", "updated_at") VALUES (?, ?, ?, ?, ?, ?)  [["user_id", 1], ["homiie_id", 2], ["event_id", 1], ["attending", "t"], ["created_at", "2015-09-03 21:29:48.195549"], ["updated_at", "2015-09-03 21:29:48.195549"]]
  [1m[36m (0.7ms)[0m  [1mcommit transaction[0m
  [1m[36mUser Load (1.0ms)[0m  [1mSELECT "users".* FROM "users"[0m
  [1m[35mEvent Load (0.2ms)[0m  SELECT "events".* FROM "events"
  [1m[36mInvitation Load (0.2ms)[0m  [1mSELECT "invitations".* FROM "invitations"[0m
